#-----------------------------------------------------------
# Vivado v2020.2 (64-bit)
# SW Build 3064766 on Wed Nov 18 09:12:45 MST 2020
# IP Build 3064653 on Wed Nov 18 14:17:31 MST 2020
# Start of session at: Mon Mar  6 23:54:29 2023
# Process ID: 8608
# Current directory: C:/Users/Dusan/Desktop/MASTER/Otporni/otporni/fir_bez_toleranicje
# Command line: vivado.exe -gui_launcher_event rodinguilauncherevent1396 C:\Users\Dusan\Desktop\MASTER\Otporni\otporni\fir_bez_toleranicje\fir_filtar.xpr
# Log file: C:/Users/Dusan/Desktop/MASTER/Otporni/otporni/fir_bez_toleranicje/vivado.log
# Journal file: C:/Users/Dusan/Desktop/MASTER/Otporni/otporni/fir_bez_toleranicje\vivado.jou
#-----------------------------------------------------------
start_gui
open_project C:/Users/Dusan/Desktop/MASTER/Otporni/otporni/fir_bez_toleranicje/fir_filtar.xpr
WARNING: [filemgmt 56-3] Default IP Output Path : Could not find the directory 'C:/Users/Dusan/Desktop/MASTER/Otporni/otporni/fir_bez_toleranicje/fir_filtar.gen/sources_1'.
Scanning sources...
Finished scanning sources
INFO: [IP_Flow 19-234] Refreshing IP repositories
INFO: [IP_Flow 19-1704] No user IP repositories specified
INFO: [IP_Flow 19-2313] Loaded Vivado IP repository 'E:/Xilinx/Vivado/2020.2/data/ip'.
open_project: Time (s): cpu = 00:00:32 ; elapsed = 00:00:15 . Memory (MB): peak = 1113.262 ; gain = 0.000
close [ open C:/Users/Dusan/Desktop/MASTER/Otporni/otporni/fir_bez_toleranicje/fir_filtar.srcs/sources_1/new/voter.vhd w ]
add_files C:/Users/Dusan/Desktop/MASTER/Otporni/otporni/fir_bez_toleranicje/fir_filtar.srcs/sources_1/new/voter.vhd
close [ open C:/Users/Dusan/Desktop/MASTER/Otporni/otporni/fir_bez_toleranicje/fir_filtar.srcs/sources_1/new/utils_pkg.vhd w ]
add_files C:/Users/Dusan/Desktop/MASTER/Otporni/otporni/fir_bez_toleranicje/fir_filtar.srcs/sources_1/new/utils_pkg.vhd
set_property top voter [current_fileset]
reset_run synth_1
launch_runs synth_1 -jobs 4
[Tue Mar  7 00:16:16 2023] Launched synth_1...
Run output will be captured here: C:/Users/Dusan/Desktop/MASTER/Otporni/otporni/fir_bez_toleranicje/fir_filtar.runs/synth_1/runme.log
launch_runs impl_1 -jobs 4
[Tue Mar  7 00:18:18 2023] Launched impl_1...
Run output will be captured here: C:/Users/Dusan/Desktop/MASTER/Otporni/otporni/fir_bez_toleranicje/fir_filtar.runs/impl_1/runme.log
WARNING: [filemgmt 56-199] Attempt to get parsing info during refresh. "On-the-fly" syntax checking information may be incorrect. [C:\Users\Dusan\Desktop\MASTER\Otporni\otporni\fir_bez_toleranicje\fir_filtar.srcs\sources_1\new\mac.vhd:]
WARNING: [filemgmt 56-199] Attempt to get parsing info during refresh. "On-the-fly" syntax checking information may be incorrect. [C:\Users\Dusan\Desktop\MASTER\Otporni\otporni\fir_bez_toleranicje\fir_filtar.srcs\sources_1\new\fir_filtar.vhd:]
WARNING: [filemgmt 56-199] Attempt to get parsing info during refresh. "On-the-fly" syntax checking information may be incorrect. [C:\Users\Dusan\Desktop\MASTER\Otporni\otporni\fir_bez_toleranicje\fir_filtar.srcs\sources_1\new\voter.vhd:]
WARNING: [filemgmt 56-199] Attempt to get parsing info during refresh. "On-the-fly" syntax checking information may be incorrect. [C:\Users\Dusan\Desktop\MASTER\Otporni\otporni\fir_bez_toleranicje\fir_filtar.srcs\sources_1\new\utils_pkg.vhd:]
WARNING: [filemgmt 56-199] Attempt to get parsing info during refresh. "On-the-fly" syntax checking information may be incorrect. [C:\Users\Dusan\Desktop\MASTER\Otporni\otporni\fir_bez_toleranicje\fir_filtar.srcs\sources_1\new\mac.vhd:]
WARNING: [filemgmt 56-199] Attempt to get parsing info during refresh. "On-the-fly" syntax checking information may be incorrect. [C:\Users\Dusan\Desktop\MASTER\Otporni\otporni\fir_bez_toleranicje\fir_filtar.srcs\sources_1\new\fir_filtar.vhd:]
WARNING: [filemgmt 56-199] Attempt to get parsing info during refresh. "On-the-fly" syntax checking information may be incorrect. [C:\Users\Dusan\Desktop\MASTER\Otporni\otporni\fir_bez_toleranicje\fir_filtar.srcs\sources_1\new\voter.vhd:]
WARNING: [filemgmt 56-199] Attempt to get parsing info during refresh. "On-the-fly" syntax checking information may be incorrect. [C:\Users\Dusan\Desktop\MASTER\Otporni\otporni\fir_bez_toleranicje\fir_filtar.srcs\sources_1\new\utils_pkg.vhd:]
copy_run -name synth_1_copy_2 [get_runs synth_1] 
synth_1_copy_2
reset_run impl_1
launch_runs impl_1 -jobs 4
[Tue Mar  7 00:23:22 2023] Launched impl_1...
Run output will be captured here: C:/Users/Dusan/Desktop/MASTER/Otporni/otporni/fir_bez_toleranicje/fir_filtar.runs/impl_1/runme.log
open_run impl_1
INFO: [Device 21-403] Loading part xc7z010clg400-1
Netlist sorting complete. Time (s): cpu = 00:00:00 ; elapsed = 00:00:00.001 . Memory (MB): peak = 4063.047 ; gain = 0.000
INFO: [Project 1-479] Netlist was created with Vivado 2020.2
INFO: [Project 1-570] Preparing netlist for logic optimization
INFO: [Timing 38-478] Restoring timing data from binary archive.
INFO: [Timing 38-479] Binary timing data restore complete.
INFO: [Project 1-856] Restoring constraints from binary archive.
INFO: [Project 1-853] Binary constraint restore complete.
Reading XDEF placement.
Reading placer database...
Reading XDEF routing.
Read XDEF File: Time (s): cpu = 00:00:00 ; elapsed = 00:00:00.063 . Memory (MB): peak = 4730.391 ; gain = 0.000
Restored from archive | CPU: 0.000000 secs | Memory: 0.000000 MB |
Finished XDEF File Restore: Time (s): cpu = 00:00:00 ; elapsed = 00:00:00.065 . Memory (MB): peak = 4730.391 ; gain = 0.000
Netlist sorting complete. Time (s): cpu = 00:00:00 ; elapsed = 00:00:00 . Memory (MB): peak = 4730.391 ; gain = 0.000
INFO: [Project 1-111] Unisim Transformation Summary:
No Unisim elements were transformed.

open_run: Time (s): cpu = 00:00:57 ; elapsed = 00:00:29 . Memory (MB): peak = 4843.594 ; gain = 1065.711
exit
INFO: [Common 17-206] Exiting Vivado at Tue Mar  7 01:23:35 2023...
