Copyright 1986-2020 Xilinx, Inc. All Rights Reserved.
-----------------------------------------------------------------------------------------------------------------------------------------------------------------------------
| Tool Version : Vivado v.2020.2 (win64) Build 3064766 Wed Nov 18 09:12:45 MST 2020
| Date         : Wed Sep 18 18:05:20 2024
| Host         : DESKTOP-QI02RAP running 64-bit major release  (build 9200)
| Command      : report_methodology -file voter_wrapper_methodology_drc_routed.rpt -pb voter_wrapper_methodology_drc_routed.pb -rpx voter_wrapper_methodology_drc_routed.rpx
| Design       : voter_wrapper
| Device       : xc7z010clg400-1
| Speed File   : -1
| Design State : Fully Routed
-----------------------------------------------------------------------------------------------------------------------------------------------------------------------------

Report Methodology

Table of Contents
-----------------
1. REPORT SUMMARY
2. REPORT DETAILS

1. REPORT SUMMARY
-----------------
            Netlist: netlist
          Floorplan: design_1
      Design limits: <entire design considered>
             Max violations: <unlimited>
             Violations found: 189
+-----------+----------+-------------------------------+------------+
| Rule      | Severity | Description                   | Violations |
+-----------+----------+-------------------------------+------------+
| TIMING-18 | Warning  | Missing input or output delay | 189        |
+-----------+----------+-------------------------------+------------+

2. REPORT DETAILS
-----------------
TIMING-18#1 Warning
Missing input or output delay  
An input delay is missing on rst_n relative to clock(s) sys_clk_pin
Related violations: <none>

TIMING-18#2 Warning
Missing input or output delay  
An input delay is missing on voter_i[0] relative to clock(s) sys_clk_pin
Related violations: <none>

TIMING-18#3 Warning
Missing input or output delay  
An input delay is missing on voter_i[100] relative to clock(s) sys_clk_pin
Related violations: <none>

TIMING-18#4 Warning
Missing input or output delay  
An input delay is missing on voter_i[101] relative to clock(s) sys_clk_pin
Related violations: <none>

TIMING-18#5 Warning
Missing input or output delay  
An input delay is missing on voter_i[102] relative to clock(s) sys_clk_pin
Related violations: <none>

TIMING-18#6 Warning
Missing input or output delay  
An input delay is missing on voter_i[103] relative to clock(s) sys_clk_pin
Related violations: <none>

TIMING-18#7 Warning
Missing input or output delay  
An input delay is missing on voter_i[104] relative to clock(s) sys_clk_pin
Related violations: <none>

TIMING-18#8 Warning
Missing input or output delay  
An input delay is missing on voter_i[105] relative to clock(s) sys_clk_pin
Related violations: <none>

TIMING-18#9 Warning
Missing input or output delay  
An input delay is missing on voter_i[106] relative to clock(s) sys_clk_pin
Related violations: <none>

TIMING-18#10 Warning
Missing input or output delay  
An input delay is missing on voter_i[107] relative to clock(s) sys_clk_pin
Related violations: <none>

TIMING-18#11 Warning
Missing input or output delay  
An input delay is missing on voter_i[108] relative to clock(s) sys_clk_pin
Related violations: <none>

TIMING-18#12 Warning
Missing input or output delay  
An input delay is missing on voter_i[109] relative to clock(s) sys_clk_pin
Related violations: <none>

TIMING-18#13 Warning
Missing input or output delay  
An input delay is missing on voter_i[10] relative to clock(s) sys_clk_pin
Related violations: <none>

TIMING-18#14 Warning
Missing input or output delay  
An input delay is missing on voter_i[110] relative to clock(s) sys_clk_pin
Related violations: <none>

TIMING-18#15 Warning
Missing input or output delay  
An input delay is missing on voter_i[111] relative to clock(s) sys_clk_pin
Related violations: <none>

TIMING-18#16 Warning
Missing input or output delay  
An input delay is missing on voter_i[112] relative to clock(s) sys_clk_pin
Related violations: <none>

TIMING-18#17 Warning
Missing input or output delay  
An input delay is missing on voter_i[113] relative to clock(s) sys_clk_pin
Related violations: <none>

TIMING-18#18 Warning
Missing input or output delay  
An input delay is missing on voter_i[114] relative to clock(s) sys_clk_pin
Related violations: <none>

TIMING-18#19 Warning
Missing input or output delay  
An input delay is missing on voter_i[115] relative to clock(s) sys_clk_pin
Related violations: <none>

TIMING-18#20 Warning
Missing input or output delay  
An input delay is missing on voter_i[116] relative to clock(s) sys_clk_pin
Related violations: <none>

TIMING-18#21 Warning
Missing input or output delay  
An input delay is missing on voter_i[117] relative to clock(s) sys_clk_pin
Related violations: <none>

TIMING-18#22 Warning
Missing input or output delay  
An input delay is missing on voter_i[118] relative to clock(s) sys_clk_pin
Related violations: <none>

TIMING-18#23 Warning
Missing input or output delay  
An input delay is missing on voter_i[119] relative to clock(s) sys_clk_pin
Related violations: <none>

TIMING-18#24 Warning
Missing input or output delay  
An input delay is missing on voter_i[11] relative to clock(s) sys_clk_pin
Related violations: <none>

TIMING-18#25 Warning
Missing input or output delay  
An input delay is missing on voter_i[120] relative to clock(s) sys_clk_pin
Related violations: <none>

TIMING-18#26 Warning
Missing input or output delay  
An input delay is missing on voter_i[121] relative to clock(s) sys_clk_pin
Related violations: <none>

TIMING-18#27 Warning
Missing input or output delay  
An input delay is missing on voter_i[122] relative to clock(s) sys_clk_pin
Related violations: <none>

TIMING-18#28 Warning
Missing input or output delay  
An input delay is missing on voter_i[123] relative to clock(s) sys_clk_pin
Related violations: <none>

TIMING-18#29 Warning
Missing input or output delay  
An input delay is missing on voter_i[124] relative to clock(s) sys_clk_pin
Related violations: <none>

TIMING-18#30 Warning
Missing input or output delay  
An input delay is missing on voter_i[125] relative to clock(s) sys_clk_pin
Related violations: <none>

TIMING-18#31 Warning
Missing input or output delay  
An input delay is missing on voter_i[126] relative to clock(s) sys_clk_pin
Related violations: <none>

TIMING-18#32 Warning
Missing input or output delay  
An input delay is missing on voter_i[127] relative to clock(s) sys_clk_pin
Related violations: <none>

TIMING-18#33 Warning
Missing input or output delay  
An input delay is missing on voter_i[128] relative to clock(s) sys_clk_pin
Related violations: <none>

TIMING-18#34 Warning
Missing input or output delay  
An input delay is missing on voter_i[129] relative to clock(s) sys_clk_pin
Related violations: <none>

TIMING-18#35 Warning
Missing input or output delay  
An input delay is missing on voter_i[12] relative to clock(s) sys_clk_pin
Related violations: <none>

TIMING-18#36 Warning
Missing input or output delay  
An input delay is missing on voter_i[130] relative to clock(s) sys_clk_pin
Related violations: <none>

TIMING-18#37 Warning
Missing input or output delay  
An input delay is missing on voter_i[131] relative to clock(s) sys_clk_pin
Related violations: <none>

TIMING-18#38 Warning
Missing input or output delay  
An input delay is missing on voter_i[132] relative to clock(s) sys_clk_pin
Related violations: <none>

TIMING-18#39 Warning
Missing input or output delay  
An input delay is missing on voter_i[133] relative to clock(s) sys_clk_pin
Related violations: <none>

TIMING-18#40 Warning
Missing input or output delay  
An input delay is missing on voter_i[134] relative to clock(s) sys_clk_pin
Related violations: <none>

TIMING-18#41 Warning
Missing input or output delay  
An input delay is missing on voter_i[135] relative to clock(s) sys_clk_pin
Related violations: <none>

TIMING-18#42 Warning
Missing input or output delay  
An input delay is missing on voter_i[136] relative to clock(s) sys_clk_pin
Related violations: <none>

TIMING-18#43 Warning
Missing input or output delay  
An input delay is missing on voter_i[137] relative to clock(s) sys_clk_pin
Related violations: <none>

TIMING-18#44 Warning
Missing input or output delay  
An input delay is missing on voter_i[138] relative to clock(s) sys_clk_pin
Related violations: <none>

TIMING-18#45 Warning
Missing input or output delay  
An input delay is missing on voter_i[139] relative to clock(s) sys_clk_pin
Related violations: <none>

TIMING-18#46 Warning
Missing input or output delay  
An input delay is missing on voter_i[13] relative to clock(s) sys_clk_pin
Related violations: <none>

TIMING-18#47 Warning
Missing input or output delay  
An input delay is missing on voter_i[140] relative to clock(s) sys_clk_pin
Related violations: <none>

TIMING-18#48 Warning
Missing input or output delay  
An input delay is missing on voter_i[141] relative to clock(s) sys_clk_pin
Related violations: <none>

TIMING-18#49 Warning
Missing input or output delay  
An input delay is missing on voter_i[142] relative to clock(s) sys_clk_pin
Related violations: <none>

TIMING-18#50 Warning
Missing input or output delay  
An input delay is missing on voter_i[143] relative to clock(s) sys_clk_pin
Related violations: <none>

TIMING-18#51 Warning
Missing input or output delay  
An input delay is missing on voter_i[144] relative to clock(s) sys_clk_pin
Related violations: <none>

TIMING-18#52 Warning
Missing input or output delay  
An input delay is missing on voter_i[145] relative to clock(s) sys_clk_pin
Related violations: <none>

TIMING-18#53 Warning
Missing input or output delay  
An input delay is missing on voter_i[146] relative to clock(s) sys_clk_pin
Related violations: <none>

TIMING-18#54 Warning
Missing input or output delay  
An input delay is missing on voter_i[147] relative to clock(s) sys_clk_pin
Related violations: <none>

TIMING-18#55 Warning
Missing input or output delay  
An input delay is missing on voter_i[148] relative to clock(s) sys_clk_pin
Related violations: <none>

TIMING-18#56 Warning
Missing input or output delay  
An input delay is missing on voter_i[149] relative to clock(s) sys_clk_pin
Related violations: <none>

TIMING-18#57 Warning
Missing input or output delay  
An input delay is missing on voter_i[14] relative to clock(s) sys_clk_pin
Related violations: <none>

TIMING-18#58 Warning
Missing input or output delay  
An input delay is missing on voter_i[150] relative to clock(s) sys_clk_pin
Related violations: <none>

TIMING-18#59 Warning
Missing input or output delay  
An input delay is missing on voter_i[151] relative to clock(s) sys_clk_pin
Related violations: <none>

TIMING-18#60 Warning
Missing input or output delay  
An input delay is missing on voter_i[152] relative to clock(s) sys_clk_pin
Related violations: <none>

TIMING-18#61 Warning
Missing input or output delay  
An input delay is missing on voter_i[153] relative to clock(s) sys_clk_pin
Related violations: <none>

TIMING-18#62 Warning
Missing input or output delay  
An input delay is missing on voter_i[154] relative to clock(s) sys_clk_pin
Related violations: <none>

TIMING-18#63 Warning
Missing input or output delay  
An input delay is missing on voter_i[155] relative to clock(s) sys_clk_pin
Related violations: <none>

TIMING-18#64 Warning
Missing input or output delay  
An input delay is missing on voter_i[156] relative to clock(s) sys_clk_pin
Related violations: <none>

TIMING-18#65 Warning
Missing input or output delay  
An input delay is missing on voter_i[157] relative to clock(s) sys_clk_pin
Related violations: <none>

TIMING-18#66 Warning
Missing input or output delay  
An input delay is missing on voter_i[158] relative to clock(s) sys_clk_pin
Related violations: <none>

TIMING-18#67 Warning
Missing input or output delay  
An input delay is missing on voter_i[159] relative to clock(s) sys_clk_pin
Related violations: <none>

TIMING-18#68 Warning
Missing input or output delay  
An input delay is missing on voter_i[15] relative to clock(s) sys_clk_pin
Related violations: <none>

TIMING-18#69 Warning
Missing input or output delay  
An input delay is missing on voter_i[160] relative to clock(s) sys_clk_pin
Related violations: <none>

TIMING-18#70 Warning
Missing input or output delay  
An input delay is missing on voter_i[161] relative to clock(s) sys_clk_pin
Related violations: <none>

TIMING-18#71 Warning
Missing input or output delay  
An input delay is missing on voter_i[162] relative to clock(s) sys_clk_pin
Related violations: <none>

TIMING-18#72 Warning
Missing input or output delay  
An input delay is missing on voter_i[163] relative to clock(s) sys_clk_pin
Related violations: <none>

TIMING-18#73 Warning
Missing input or output delay  
An input delay is missing on voter_i[164] relative to clock(s) sys_clk_pin
Related violations: <none>

TIMING-18#74 Warning
Missing input or output delay  
An input delay is missing on voter_i[165] relative to clock(s) sys_clk_pin
Related violations: <none>

TIMING-18#75 Warning
Missing input or output delay  
An input delay is missing on voter_i[166] relative to clock(s) sys_clk_pin
Related violations: <none>

TIMING-18#76 Warning
Missing input or output delay  
An input delay is missing on voter_i[167] relative to clock(s) sys_clk_pin
Related violations: <none>

TIMING-18#77 Warning
Missing input or output delay  
An input delay is missing on voter_i[168] relative to clock(s) sys_clk_pin
Related violations: <none>

TIMING-18#78 Warning
Missing input or output delay  
An input delay is missing on voter_i[169] relative to clock(s) sys_clk_pin
Related violations: <none>

TIMING-18#79 Warning
Missing input or output delay  
An input delay is missing on voter_i[16] relative to clock(s) sys_clk_pin
Related violations: <none>

TIMING-18#80 Warning
Missing input or output delay  
An input delay is missing on voter_i[17] relative to clock(s) sys_clk_pin
Related violations: <none>

TIMING-18#81 Warning
Missing input or output delay  
An input delay is missing on voter_i[18] relative to clock(s) sys_clk_pin
Related violations: <none>

TIMING-18#82 Warning
Missing input or output delay  
An input delay is missing on voter_i[19] relative to clock(s) sys_clk_pin
Related violations: <none>

TIMING-18#83 Warning
Missing input or output delay  
An input delay is missing on voter_i[1] relative to clock(s) sys_clk_pin
Related violations: <none>

TIMING-18#84 Warning
Missing input or output delay  
An input delay is missing on voter_i[20] relative to clock(s) sys_clk_pin
Related violations: <none>

TIMING-18#85 Warning
Missing input or output delay  
An input delay is missing on voter_i[21] relative to clock(s) sys_clk_pin
Related violations: <none>

TIMING-18#86 Warning
Missing input or output delay  
An input delay is missing on voter_i[22] relative to clock(s) sys_clk_pin
Related violations: <none>

TIMING-18#87 Warning
Missing input or output delay  
An input delay is missing on voter_i[23] relative to clock(s) sys_clk_pin
Related violations: <none>

TIMING-18#88 Warning
Missing input or output delay  
An input delay is missing on voter_i[24] relative to clock(s) sys_clk_pin
Related violations: <none>

TIMING-18#89 Warning
Missing input or output delay  
An input delay is missing on voter_i[25] relative to clock(s) sys_clk_pin
Related violations: <none>

TIMING-18#90 Warning
Missing input or output delay  
An input delay is missing on voter_i[26] relative to clock(s) sys_clk_pin
Related violations: <none>

TIMING-18#91 Warning
Missing input or output delay  
An input delay is missing on voter_i[27] relative to clock(s) sys_clk_pin
Related violations: <none>

TIMING-18#92 Warning
Missing input or output delay  
An input delay is missing on voter_i[28] relative to clock(s) sys_clk_pin
Related violations: <none>

TIMING-18#93 Warning
Missing input or output delay  
An input delay is missing on voter_i[29] relative to clock(s) sys_clk_pin
Related violations: <none>

TIMING-18#94 Warning
Missing input or output delay  
An input delay is missing on voter_i[2] relative to clock(s) sys_clk_pin
Related violations: <none>

TIMING-18#95 Warning
Missing input or output delay  
An input delay is missing on voter_i[30] relative to clock(s) sys_clk_pin
Related violations: <none>

TIMING-18#96 Warning
Missing input or output delay  
An input delay is missing on voter_i[31] relative to clock(s) sys_clk_pin
Related violations: <none>

TIMING-18#97 Warning
Missing input or output delay  
An input delay is missing on voter_i[32] relative to clock(s) sys_clk_pin
Related violations: <none>

TIMING-18#98 Warning
Missing input or output delay  
An input delay is missing on voter_i[33] relative to clock(s) sys_clk_pin
Related violations: <none>

TIMING-18#99 Warning
Missing input or output delay  
An input delay is missing on voter_i[34] relative to clock(s) sys_clk_pin
Related violations: <none>

TIMING-18#100 Warning
Missing input or output delay  
An input delay is missing on voter_i[35] relative to clock(s) sys_clk_pin
Related violations: <none>

TIMING-18#101 Warning
Missing input or output delay  
An input delay is missing on voter_i[36] relative to clock(s) sys_clk_pin
Related violations: <none>

TIMING-18#102 Warning
Missing input or output delay  
An input delay is missing on voter_i[37] relative to clock(s) sys_clk_pin
Related violations: <none>

TIMING-18#103 Warning
Missing input or output delay  
An input delay is missing on voter_i[38] relative to clock(s) sys_clk_pin
Related violations: <none>

TIMING-18#104 Warning
Missing input or output delay  
An input delay is missing on voter_i[39] relative to clock(s) sys_clk_pin
Related violations: <none>

TIMING-18#105 Warning
Missing input or output delay  
An input delay is missing on voter_i[3] relative to clock(s) sys_clk_pin
Related violations: <none>

TIMING-18#106 Warning
Missing input or output delay  
An input delay is missing on voter_i[40] relative to clock(s) sys_clk_pin
Related violations: <none>

TIMING-18#107 Warning
Missing input or output delay  
An input delay is missing on voter_i[41] relative to clock(s) sys_clk_pin
Related violations: <none>

TIMING-18#108 Warning
Missing input or output delay  
An input delay is missing on voter_i[42] relative to clock(s) sys_clk_pin
Related violations: <none>

TIMING-18#109 Warning
Missing input or output delay  
An input delay is missing on voter_i[43] relative to clock(s) sys_clk_pin
Related violations: <none>

TIMING-18#110 Warning
Missing input or output delay  
An input delay is missing on voter_i[44] relative to clock(s) sys_clk_pin
Related violations: <none>

TIMING-18#111 Warning
Missing input or output delay  
An input delay is missing on voter_i[45] relative to clock(s) sys_clk_pin
Related violations: <none>

TIMING-18#112 Warning
Missing input or output delay  
An input delay is missing on voter_i[46] relative to clock(s) sys_clk_pin
Related violations: <none>

TIMING-18#113 Warning
Missing input or output delay  
An input delay is missing on voter_i[47] relative to clock(s) sys_clk_pin
Related violations: <none>

TIMING-18#114 Warning
Missing input or output delay  
An input delay is missing on voter_i[48] relative to clock(s) sys_clk_pin
Related violations: <none>

TIMING-18#115 Warning
Missing input or output delay  
An input delay is missing on voter_i[49] relative to clock(s) sys_clk_pin
Related violations: <none>

TIMING-18#116 Warning
Missing input or output delay  
An input delay is missing on voter_i[4] relative to clock(s) sys_clk_pin
Related violations: <none>

TIMING-18#117 Warning
Missing input or output delay  
An input delay is missing on voter_i[50] relative to clock(s) sys_clk_pin
Related violations: <none>

TIMING-18#118 Warning
Missing input or output delay  
An input delay is missing on voter_i[51] relative to clock(s) sys_clk_pin
Related violations: <none>

TIMING-18#119 Warning
Missing input or output delay  
An input delay is missing on voter_i[52] relative to clock(s) sys_clk_pin
Related violations: <none>

TIMING-18#120 Warning
Missing input or output delay  
An input delay is missing on voter_i[53] relative to clock(s) sys_clk_pin
Related violations: <none>

TIMING-18#121 Warning
Missing input or output delay  
An input delay is missing on voter_i[54] relative to clock(s) sys_clk_pin
Related violations: <none>

TIMING-18#122 Warning
Missing input or output delay  
An input delay is missing on voter_i[55] relative to clock(s) sys_clk_pin
Related violations: <none>

TIMING-18#123 Warning
Missing input or output delay  
An input delay is missing on voter_i[56] relative to clock(s) sys_clk_pin
Related violations: <none>

TIMING-18#124 Warning
Missing input or output delay  
An input delay is missing on voter_i[57] relative to clock(s) sys_clk_pin
Related violations: <none>

TIMING-18#125 Warning
Missing input or output delay  
An input delay is missing on voter_i[58] relative to clock(s) sys_clk_pin
Related violations: <none>

TIMING-18#126 Warning
Missing input or output delay  
An input delay is missing on voter_i[59] relative to clock(s) sys_clk_pin
Related violations: <none>

TIMING-18#127 Warning
Missing input or output delay  
An input delay is missing on voter_i[5] relative to clock(s) sys_clk_pin
Related violations: <none>

TIMING-18#128 Warning
Missing input or output delay  
An input delay is missing on voter_i[60] relative to clock(s) sys_clk_pin
Related violations: <none>

TIMING-18#129 Warning
Missing input or output delay  
An input delay is missing on voter_i[61] relative to clock(s) sys_clk_pin
Related violations: <none>

TIMING-18#130 Warning
Missing input or output delay  
An input delay is missing on voter_i[62] relative to clock(s) sys_clk_pin
Related violations: <none>

TIMING-18#131 Warning
Missing input or output delay  
An input delay is missing on voter_i[63] relative to clock(s) sys_clk_pin
Related violations: <none>

TIMING-18#132 Warning
Missing input or output delay  
An input delay is missing on voter_i[64] relative to clock(s) sys_clk_pin
Related violations: <none>

TIMING-18#133 Warning
Missing input or output delay  
An input delay is missing on voter_i[65] relative to clock(s) sys_clk_pin
Related violations: <none>

TIMING-18#134 Warning
Missing input or output delay  
An input delay is missing on voter_i[66] relative to clock(s) sys_clk_pin
Related violations: <none>

TIMING-18#135 Warning
Missing input or output delay  
An input delay is missing on voter_i[67] relative to clock(s) sys_clk_pin
Related violations: <none>

TIMING-18#136 Warning
Missing input or output delay  
An input delay is missing on voter_i[68] relative to clock(s) sys_clk_pin
Related violations: <none>

TIMING-18#137 Warning
Missing input or output delay  
An input delay is missing on voter_i[69] relative to clock(s) sys_clk_pin
Related violations: <none>

TIMING-18#138 Warning
Missing input or output delay  
An input delay is missing on voter_i[6] relative to clock(s) sys_clk_pin
Related violations: <none>

TIMING-18#139 Warning
Missing input or output delay  
An input delay is missing on voter_i[70] relative to clock(s) sys_clk_pin
Related violations: <none>

TIMING-18#140 Warning
Missing input or output delay  
An input delay is missing on voter_i[71] relative to clock(s) sys_clk_pin
Related violations: <none>

TIMING-18#141 Warning
Missing input or output delay  
An input delay is missing on voter_i[72] relative to clock(s) sys_clk_pin
Related violations: <none>

TIMING-18#142 Warning
Missing input or output delay  
An input delay is missing on voter_i[73] relative to clock(s) sys_clk_pin
Related violations: <none>

TIMING-18#143 Warning
Missing input or output delay  
An input delay is missing on voter_i[74] relative to clock(s) sys_clk_pin
Related violations: <none>

TIMING-18#144 Warning
Missing input or output delay  
An input delay is missing on voter_i[75] relative to clock(s) sys_clk_pin
Related violations: <none>

TIMING-18#145 Warning
Missing input or output delay  
An input delay is missing on voter_i[76] relative to clock(s) sys_clk_pin
Related violations: <none>

TIMING-18#146 Warning
Missing input or output delay  
An input delay is missing on voter_i[77] relative to clock(s) sys_clk_pin
Related violations: <none>

TIMING-18#147 Warning
Missing input or output delay  
An input delay is missing on voter_i[78] relative to clock(s) sys_clk_pin
Related violations: <none>

TIMING-18#148 Warning
Missing input or output delay  
An input delay is missing on voter_i[79] relative to clock(s) sys_clk_pin
Related violations: <none>

TIMING-18#149 Warning
Missing input or output delay  
An input delay is missing on voter_i[7] relative to clock(s) sys_clk_pin
Related violations: <none>

TIMING-18#150 Warning
Missing input or output delay  
An input delay is missing on voter_i[80] relative to clock(s) sys_clk_pin
Related violations: <none>

TIMING-18#151 Warning
Missing input or output delay  
An input delay is missing on voter_i[81] relative to clock(s) sys_clk_pin
Related violations: <none>

TIMING-18#152 Warning
Missing input or output delay  
An input delay is missing on voter_i[82] relative to clock(s) sys_clk_pin
Related violations: <none>

TIMING-18#153 Warning
Missing input or output delay  
An input delay is missing on voter_i[83] relative to clock(s) sys_clk_pin
Related violations: <none>

TIMING-18#154 Warning
Missing input or output delay  
An input delay is missing on voter_i[84] relative to clock(s) sys_clk_pin
Related violations: <none>

TIMING-18#155 Warning
Missing input or output delay  
An input delay is missing on voter_i[85] relative to clock(s) sys_clk_pin
Related violations: <none>

TIMING-18#156 Warning
Missing input or output delay  
An input delay is missing on voter_i[86] relative to clock(s) sys_clk_pin
Related violations: <none>

TIMING-18#157 Warning
Missing input or output delay  
An input delay is missing on voter_i[87] relative to clock(s) sys_clk_pin
Related violations: <none>

TIMING-18#158 Warning
Missing input or output delay  
An input delay is missing on voter_i[88] relative to clock(s) sys_clk_pin
Related violations: <none>

TIMING-18#159 Warning
Missing input or output delay  
An input delay is missing on voter_i[89] relative to clock(s) sys_clk_pin
Related violations: <none>

TIMING-18#160 Warning
Missing input or output delay  
An input delay is missing on voter_i[8] relative to clock(s) sys_clk_pin
Related violations: <none>

TIMING-18#161 Warning
Missing input or output delay  
An input delay is missing on voter_i[90] relative to clock(s) sys_clk_pin
Related violations: <none>

TIMING-18#162 Warning
Missing input or output delay  
An input delay is missing on voter_i[91] relative to clock(s) sys_clk_pin
Related violations: <none>

TIMING-18#163 Warning
Missing input or output delay  
An input delay is missing on voter_i[92] relative to clock(s) sys_clk_pin
Related violations: <none>

TIMING-18#164 Warning
Missing input or output delay  
An input delay is missing on voter_i[93] relative to clock(s) sys_clk_pin
Related violations: <none>

TIMING-18#165 Warning
Missing input or output delay  
An input delay is missing on voter_i[94] relative to clock(s) sys_clk_pin
Related violations: <none>

TIMING-18#166 Warning
Missing input or output delay  
An input delay is missing on voter_i[95] relative to clock(s) sys_clk_pin
Related violations: <none>

TIMING-18#167 Warning
Missing input or output delay  
An input delay is missing on voter_i[96] relative to clock(s) sys_clk_pin
Related violations: <none>

TIMING-18#168 Warning
Missing input or output delay  
An input delay is missing on voter_i[97] relative to clock(s) sys_clk_pin
Related violations: <none>

TIMING-18#169 Warning
Missing input or output delay  
An input delay is missing on voter_i[98] relative to clock(s) sys_clk_pin
Related violations: <none>

TIMING-18#170 Warning
Missing input or output delay  
An input delay is missing on voter_i[99] relative to clock(s) sys_clk_pin
Related violations: <none>

TIMING-18#171 Warning
Missing input or output delay  
An input delay is missing on voter_i[9] relative to clock(s) sys_clk_pin
Related violations: <none>

TIMING-18#172 Warning
Missing input or output delay  
An output delay is missing on error_o relative to clock(s) sys_clk_pin
Related violations: <none>

TIMING-18#173 Warning
Missing input or output delay  
An output delay is missing on voter_o[0] relative to clock(s) sys_clk_pin
Related violations: <none>

TIMING-18#174 Warning
Missing input or output delay  
An output delay is missing on voter_o[10] relative to clock(s) sys_clk_pin
Related violations: <none>

TIMING-18#175 Warning
Missing input or output delay  
An output delay is missing on voter_o[11] relative to clock(s) sys_clk_pin
Related violations: <none>

TIMING-18#176 Warning
Missing input or output delay  
An output delay is missing on voter_o[12] relative to clock(s) sys_clk_pin
Related violations: <none>

TIMING-18#177 Warning
Missing input or output delay  
An output delay is missing on voter_o[13] relative to clock(s) sys_clk_pin
Related violations: <none>

TIMING-18#178 Warning
Missing input or output delay  
An output delay is missing on voter_o[14] relative to clock(s) sys_clk_pin
Related violations: <none>

TIMING-18#179 Warning
Missing input or output delay  
An output delay is missing on voter_o[15] relative to clock(s) sys_clk_pin
Related violations: <none>

TIMING-18#180 Warning
Missing input or output delay  
An output delay is missing on voter_o[16] relative to clock(s) sys_clk_pin
Related violations: <none>

TIMING-18#181 Warning
Missing input or output delay  
An output delay is missing on voter_o[1] relative to clock(s) sys_clk_pin
Related violations: <none>

TIMING-18#182 Warning
Missing input or output delay  
An output delay is missing on voter_o[2] relative to clock(s) sys_clk_pin
Related violations: <none>

TIMING-18#183 Warning
Missing input or output delay  
An output delay is missing on voter_o[3] relative to clock(s) sys_clk_pin
Related violations: <none>

TIMING-18#184 Warning
Missing input or output delay  
An output delay is missing on voter_o[4] relative to clock(s) sys_clk_pin
Related violations: <none>

TIMING-18#185 Warning
Missing input or output delay  
An output delay is missing on voter_o[5] relative to clock(s) sys_clk_pin
Related violations: <none>

TIMING-18#186 Warning
Missing input or output delay  
An output delay is missing on voter_o[6] relative to clock(s) sys_clk_pin
Related violations: <none>

TIMING-18#187 Warning
Missing input or output delay  
An output delay is missing on voter_o[7] relative to clock(s) sys_clk_pin
Related violations: <none>

TIMING-18#188 Warning
Missing input or output delay  
An output delay is missing on voter_o[8] relative to clock(s) sys_clk_pin
Related violations: <none>

TIMING-18#189 Warning
Missing input or output delay  
An output delay is missing on voter_o[9] relative to clock(s) sys_clk_pin
Related violations: <none>


